<?xml version="1.0" encoding="UTF-8"?>
<!-- Generated by org.testng.reporters.JUnitReportReporter -->
<testsuite hostname="ICPL12466" name="Demo.Demo1" tests="3" failures="0" timestamp="1 Jun 2017 08:42:34 GMT" time="0.017" errors="0">
  <testcase name="testCaseOne" time="0.001" classname="Demo.Demo1"/>
  <testcase name="testCaseFour" time="0.000" classname="Demo.Demo1"/>
  <testcase name="testCaseThree" time="0.016" classname="Demo.Demo1"/>
</testsuite> <!-- Demo.Demo1 -->
